<?xml version="1.0" encoding="UTF-8"?>
<testsuite xmlns:xsi="http://www.w3.org/2001/XMLSchema-instance" xsi:noNamespaceSchemaLocation="https://maven.apache.org/surefire/maven-surefire-plugin/xsd/surefire-test-report.xsd" name="com.ldh.product.service.impl.PorductInfoServiceServiceimplTest" time="6.847" tests="3" errors="0" skipped="0" failures="0">
  <properties>
[...]
</properties>
  <testcase name="findList" classname="com.ldh.product.service.impl.PorductInfoServiceServiceimplTest" time="0.277"/>
  <testcase name="decreaseStock" classname="com.ldh.product.service.impl.PorductInfoServiceServiceimplTest" time="0.233"/>
  <testcase name="aa" classname="com.ldh.product.service.impl.PorductInfoServiceServiceimplTest" time="0"/>
</testsuite>